# JRE version: OpenJDK Runtime Environment (8.0_131-b11) (build 1.8.0_131-8u131-b11-2ubuntu1.17.04.3-b11)
# Java VM: OpenJDK 64-Bit Server VM (25.131-b11 mixed mode linux-amd64 compressed oops)
Heap:
 def new generation   total 46848K, used 0K [0x00000000e0000000, 0x00000000e32d0000, 0x00000000eaaa0000)
  eden space 41664K,   0% used [0x00000000e0000000, 0x00000000e0000000, 0x00000000e28b0000)
  from space 5184K,   0% used [0x00000000e28b0000, 0x00000000e28b0000, 0x00000000e2dc0000)
  to   space 5184K,   0% used [0x00000000e2dc0000, 0x00000000e2dc0000, 0x00000000e32d0000)
 tenured generation   total 103992K, used 5929K [0x00000000eaaa0000, 0x00000000f102e000, 0x0000000100000000)
   the space 103992K,   5% used [0x00000000eaaa0000, 0x00000000eb06a448, 0x00000000eb06a600, 0x00000000f102e000)
 Metaspace       used 16987K, capacity 17180K, committed 17408K, reserved 1064960K
  class space    used 1981K, capacity 2033K, committed 2048K, reserved 1048576K
GC Heap History (10 events):
Event: 4.921 GC heap before
{Heap before GC invocations=35 (full 0):
 def new generation   total 4928K, used 4894K [0x00000000e0000000, 0x00000000e0550000, 0x00000000eaaa0000)
  eden space 4416K, 100% used [0x00000000e0000000, 0x00000000e0450000, 0x00000000e0450000)
  from space 512K,  93% used [0x00000000e04d0000, 0x00000000e0547958, 0x00000000e0550000)
  to   space 512K,   0% used [0x00000000e0450000, 0x00000000e0450000, 0x00000000e04d0000)
 tenured generation   total 10944K, used 7444K [0x00000000eaaa0000, 0x00000000eb550000, 0x0000000100000000)
   the space 10944K,  68% used [0x00000000eaaa0000, 0x00000000eb1e5108, 0x00000000eb1e5200, 0x00000000eb550000)
 Metaspace       used 16261K, capacity 16476K, committed 16640K, reserved 1064960K
  class space    used 1893K, capacity 1969K, committed 2048K, reserved 1048576K
Event: 4.923 GC heap after
Heap after GC invocations=36 (full 0):
 def new generation   total 4928K, used 156K [0x00000000e0000000, 0x00000000e0550000, 0x00000000eaaa0000)
  eden space 4416K,   0% used [0x00000000e0000000, 0x00000000e0000000, 0x00000000e0450000)
  from space 512K,  30% used [0x00000000e0450000, 0x00000000e0477318, 0x00000000e04d0000)
  to   space 512K,   0% used [0x00000000e04d0000, 0x00000000e04d0000, 0x00000000e0550000)
 tenured generation   total 10944K, used 7817K [0x00000000eaaa0000, 0x00000000eb550000, 0x0000000100000000)
   the space 10944K,  71% used [0x00000000eaaa0000, 0x00000000eb242780, 0x00000000eb242800, 0x00000000eb550000)
 Metaspace       used 16261K, capacity 16476K, committed 16640K, reserved 1064960K
  class space    used 1893K, capacity 1969K, committed 2048K, reserved 1048576K
}
Event: 5.203 GC heap before
{Heap before GC invocations=36 (full 0):
 def new generation   total 4928K, used 4572K [0x00000000e0000000, 0x00000000e0550000, 0x00000000eaaa0000)
  eden space 4416K, 100% used [0x00000000e0000000, 0x00000000e0450000, 0x00000000e0450000)
  from space 512K,  30% used [0x00000000e0450000, 0x00000000e0477318, 0x00000000e04d0000)
  to   space 512K,   0% used [0x00000000e04d0000, 0x00000000e04d0000, 0x00000000e0550000)
 tenured generation   total 10944K, used 7817K [0x00000000eaaa0000, 0x00000000eb550000, 0x0000000100000000)
   the space 10944K,  71% used [0x00000000eaaa0000, 0x00000000eb242780, 0x00000000eb242800, 0x00000000eb550000)
 Metaspace       used 16578K, capacity 16828K, committed 16896K, reserved 1064960K
  class space    used 1930K, capacity 2001K, committed 2048K, reserved 1048576K
Event: 5.209 GC heap after
Heap after GC invocations=37 (full 0):
 def new generation   total 4928K, used 392K [0x00000000e0000000, 0x00000000e0550000, 0x00000000eaaa0000)
  eden space 4416K,   0% used [0x00000000e0000000, 0x00000000e0000000, 0x00000000e0450000)
  from space 512K,  76% used [0x00000000e04d0000, 0x00000000e0532358, 0x00000000e0550000)
  to   space 512K,   0% used [0x00000000e0450000, 0x00000000e0450000, 0x00000000e04d0000)
 tenured generation   total 10944K, used 7817K [0x00000000eaaa0000, 0x00000000eb550000, 0x0000000100000000)
   the space 10944K,  71% used [0x00000000eaaa0000, 0x00000000eb242780, 0x00000000eb242800, 0x00000000eb550000)
 Metaspace       used 16578K, capacity 16828K, committed 16896K, reserved 1064960K
  class space    used 1930K, capacity 2001K, committed 2048K, reserved 1048576K
}
Event: 5.272 GC heap before
{Heap before GC invocations=37 (full 0):
 def new generation   total 4928K, used 3146K [0x00000000e0000000, 0x00000000e0550000, 0x00000000eaaa0000)
  eden space 4416K,  62% used [0x00000000e0000000, 0x00000000e02b0708, 0x00000000e0450000)
  from space 512K,  76% used [0x00000000e04d0000, 0x00000000e0532358, 0x00000000e0550000)
  to   space 512K,   0% used [0x00000000e0450000, 0x00000000e0450000, 0x00000000e04d0000)
 tenured generation   total 10944K, used 7817K [0x00000000eaaa0000, 0x00000000eb550000, 0x0000000100000000)
   the space 10944K,  71% used [0x00000000eaaa0000, 0x00000000eb242780, 0x00000000eb242800, 0x00000000eb550000)
 Metaspace       used 16725K, capacity 16956K, committed 17152K, reserved 1064960K
  class space    used 1947K, capacity 2001K, committed 2048K, reserved 1048576K
Event: 5.336 GC heap after
Heap after GC invocations=38 (full 1):
 def new generation   total 4992K, used 0K [0x00000000e0000000, 0x00000000e0560000, 0x00000000eaaa0000)
  eden space 4480K,   0% used [0x00000000e0000000, 0x00000000e0000000, 0x00000000e0460000)
  from space 512K,   0% used [0x00000000e0460000, 0x00000000e0460000, 0x00000000e04e0000)
  to   space 512K,   0% used [0x00000000e04e0000, 0x00000000e04e0000, 0x00000000e0560000)
 tenured generation   total 10944K, used 5962K [0x00000000eaaa0000, 0x00000000eb550000, 0x0000000100000000)
   the space 10944K,  54% used [0x00000000eaaa0000, 0x00000000eb072b48, 0x00000000eb072c00, 0x00000000eb550000)
 Metaspace       used 16725K, capacity 16956K, committed 17152K, reserved 1064960K
  class space    used 1947K, capacity 2001K, committed 2048K, reserved 1048576K
}
Event: 6.288 GC heap before
{Heap before GC invocations=38 (full 1):
 def new generation   total 4992K, used 4043K [0x00000000e0000000, 0x00000000e0560000, 0x00000000eaaa0000)
  eden space 4480K,  90% used [0x00000000e0000000, 0x00000000e03f2df0, 0x00000000e0460000)
  from space 512K,   0% used [0x00000000e0460000, 0x00000000e0460000, 0x00000000e04e0000)
  to   space 512K,   0% used [0x00000000e04e0000, 0x00000000e04e0000, 0x00000000e0560000)
 tenured generation   total 113348K, used 108362K [0x00000000eaaa0000, 0x00000000f1951000, 0x0000000100000000)
   the space 113348K,  95% used [0x00000000eaaa0000, 0x00000000f1472b58, 0x00000000f1472c00, 0x00000000f1951000)
 Metaspace       used 16969K, capacity 17180K, committed 17408K, reserved 1064960K
  class space    used 1981K, capacity 2033K, committed 2048K, reserved 1048576K
Event: 6.335 GC heap after
Heap after GC invocations=39 (full 2):
 def new generation   total 51072K, used 0K [0x00000000e0000000, 0x00000000e3760000, 0x00000000eaaa0000)
  eden space 45440K,   0% used [0x00000000e0000000, 0x00000000e0000000, 0x00000000e2c60000)
  from space 5632K,   0% used [0x00000000e2c60000, 0x00000000e2c60000, 0x00000000e31e0000)
  to   space 5632K,   0% used [0x00000000e31e0000, 0x00000000e31e0000, 0x00000000e3760000)
 tenured generation   total 113348K, used 6075K [0x00000000eaaa0000, 0x00000000f1951000, 0x0000000100000000)
   the space 113348K,   5% used [0x00000000eaaa0000, 0x00000000eb08ecd0, 0x00000000eb08ee00, 0x00000000f1951000)
 Metaspace       used 16969K, capacity 17180K, committed 17408K, reserved 1064960K
  class space    used 1981K, capacity 2033K, committed 2048K, reserved 1048576K
}
Event: 6.606 GC heap before
{Heap before GC invocations=39 (full 2):
 def new generation   total 51072K, used 1401K [0x00000000e0000000, 0x00000000e3760000, 0x00000000eaaa0000)
  eden space 45440K,   3% used [0x00000000e0000000, 0x00000000e015e520, 0x00000000e2c60000)
  from space 5632K,   0% used [0x00000000e2c60000, 0x00000000e2c60000, 0x00000000e31e0000)
  to   space 5632K,   0% used [0x00000000e31e0000, 0x00000000e31e0000, 0x00000000e3760000)
 tenured generation   total 113348K, used 108475K [0x00000000eaaa0000, 0x00000000f1951000, 0x0000000100000000)
   the space 113348K,  95% used [0x00000000eaaa0000, 0x00000000f148ece0, 0x00000000f148ee00, 0x00000000f1951000)
 Metaspace       used 16987K, capacity 17180K, committed 17408K, reserved 1064960K
  class space    used 1981K, capacity 2033K, committed 2048K, reserved 1048576K
Event: 6.644 GC heap after
Heap after GC invocations=40 (full 3):
 def new generation   total 46848K, used 0K [0x00000000e0000000, 0x00000000e32d0000, 0x00000000eaaa0000)
  eden space 41664K,   0% used [0x00000000e0000000, 0x00000000e0000000, 0x00000000e28b0000)
  from space 5184K,   0% used [0x00000000e28b0000, 0x00000000e28b0000, 0x00000000e2dc0000)
  to   space 5184K,   0% used [0x00000000e2dc0000, 0x00000000e2dc0000, 0x00000000e32d0000)
 tenured generation   total 103992K, used 5929K [0x00000000eaaa0000, 0x00000000f102e000, 0x0000000100000000)
   the space 103992K,   5% used [0x00000000eaaa0000, 0x00000000eb06a448, 0x00000000eb06a600, 0x00000000f102e000)
 Metaspace       used 16987K, capacity 17180K, committed 17408K, reserved 1064960K
  class space    used 1981K, capacity 2033K, committed 2048K, reserved 1048576K
}

